[14:15:41] [Client thread/INFO]: Setting user: _Lavik_55
[14:15:44] [Client thread/WARN]: Skipping bad option: lastServer:
[14:15:44] [Client thread/INFO]: LWJGL Version: 2.9.4
[14:15:45] [Client thread/INFO]: Reloading ResourceManager: Default, SUHOGRUZx.zip
[14:15:46] [Sound Library Loader/INFO]: Starting up SoundSystem...
[14:15:46] [Thread-3/INFO]: Initializing LWJGL OpenAL
[14:15:46] [Thread-3/INFO]: (The LWJGL binding of OpenAL.  For more information, see http://www.lwjgl.org)
[14:15:46] [Thread-3/INFO]: OpenAL initialized.
[14:15:47] [Sound Library Loader/INFO]: Sound engine started
[14:15:51] [Client thread/INFO]: Created: 4096x2048 textures-atlas
[14:15:52] [Client thread/ERROR]: Unable to parse metadata from minecraft:textures/blocks/pumpkin_face_on.png
java.lang.RuntimeException: invalid frameindex 1
	at cdq.a(SourceFile:237) ~[1.12.2.jar:?]
	at cdp.a(SourceFile:190) [1.12.2.jar:?]
	at cdp.b(SourceFile:149) [1.12.2.jar:?]
	at cdp.a(SourceFile:76) [1.12.2.jar:?]
	at cgb.n(SourceFile:763) [1.12.2.jar:?]
	at cgb.a(SourceFile:188) [1.12.2.jar:?]
	at cgc.a(SourceFile:23) [1.12.2.jar:?]
	at cev.a(SourceFile:100) [1.12.2.jar:?]
	at bib.aq(SourceFile:530) [1.12.2.jar:?]
	at bib.a(SourceFile:404) [1.12.2.jar:?]
	at net.minecraft.client.main.Main.main(SourceFile:123) [1.12.2.jar:?]
[14:15:54] [Client thread/INFO]: Narrator library for x64 successfully loaded
[14:15:55] [Realms Notification Availability checker #1/INFO]: Could not authorize you against Realms server: Invalid session id
[14:15:56] [Client thread/INFO]: Stopping!
[14:15:56] [Client thread/INFO]: SoundSystem shutting down...
[14:15:56] [Client thread/WARN]: Author: Paul Lamb, www.paulscode.com
